<?xml version="1.0" encoding="UTF-8"?>
<!-- Generated by org.testng.reporters.JUnitReportReporter -->
<testsuite hostname="DESKTOP-3IVBG4O" failures="0" tests="1" name="TestNGpkg.Scrolldownprgm" time="11.447" errors="0" timestamp="2023-04-26T10:20:12 IST" skipped="0">
  <testcase classname="TestNGpkg.Scrolldownprgm" name="test" time="11.447"/>
  <system-out/>
</testsuite> <!-- TestNGpkg.Scrolldownprgm -->
