<?xml version="1.0" encoding="UTF-8"?>
<!-- Generated by org.testng.reporters.JUnitReportReporter -->
<testsuite hostname="DESKTOP-3IVBG4O" failures="0" tests="2" name="TestNGpkg.Groupingprgm" time="0.011" errors="0" timestamp="2023-04-20T09:38:18 IST" skipped="0">
  <testcase classname="TestNGpkg.Groupingprgm" name="test5" time="0.003"/>
  <system-out/>
  <testcase classname="TestNGpkg.Groupingprgm" name="test4" time="0.008"/>
  <system-out/>
</testsuite> <!-- TestNGpkg.Groupingprgm -->
