<?xml version="1.0" encoding="UTF-8"?>
<!-- Generated by org.testng.reporters.JUnitReportReporter -->
<testsuite hostname="DESKTOP-3IVBG4O" failures="0" tests="1" name="Test.W3schoolstest" time="0.506" errors="0" timestamp="2023-05-20T17:09:46 IST" skipped="0">
  <testcase classname="Test.W3schoolstest" name="test" time="0.506"/>
  <system-out/>
</testsuite> <!-- Test.W3schoolstest -->
