<?xml version="1.0" encoding="UTF-8"?>
<!-- Generated by org.testng.reporters.JUnitReportReporter -->
<testsuite hostname="DESKTOP-3IVBG4O" failures="0" tests="5" name="TestNGpkg.Testngdemo" time="6.014" errors="0" timestamp="2023-05-09T15:41:46 IST" skipped="0">
  <testcase classname="TestNGpkg.Testngdemo" name="logo" time="0.818"/>
  <system-out/>
  <testcase classname="TestNGpkg.Testngdemo" name="logo" time="0.888"/>
  <system-out/>
  <testcase classname="TestNGpkg.Testngdemo" name="logo" time="0.817"/>
  <system-out/>
  <testcase classname="TestNGpkg.Testngdemo" name="buttonenable" time="2.502"/>
  <system-out/>
  <testcase classname="TestNGpkg.Testngdemo" name="buttontext" time="0.989"/>
  <system-out/>
</testsuite> <!-- TestNGpkg.Testngdemo -->
