<?xml version="1.0" encoding="UTF-8"?>
<!-- Generated by org.testng.reporters.JUnitReportReporter -->
<testsuite hostname="DESKTOP-3IVBG4O" failures="0" tests="1" name="TestNGpkg.Extentedreports" time="2.266" errors="0" timestamp="2023-05-03T12:52:09 IST" skipped="0">
  <testcase classname="TestNGpkg.Extentedreports" name="fbtitleverification" time="2.266"/>
  <system-out/>
</testsuite> <!-- TestNGpkg.Extentedreports -->
