<?xml version="1.0" encoding="UTF-8"?>
<!-- Generated by org.testng.reporters.JUnitReportReporter -->
<testsuite hostname="DESKTOP-3IVBG4O" failures="0" tests="1" name="TestNGpkg.Fileuploadilovepdf" time="9.947" errors="0" timestamp="2023-05-03T13:58:45 IST" skipped="0">
  <testcase classname="TestNGpkg.Fileuploadilovepdf" name="fileuploadprgm" time="9.947"/>
  <system-out/>
</testsuite> <!-- TestNGpkg.Fileuploadilovepdf -->
