<?xml version="1.0" encoding="UTF-8"?>
<!-- Generated by org.testng.reporters.JUnitReportReporter -->
<testsuite hostname="DESKTOP-3IVBG4O" failures="0" tests="1" name="TestNGpkg.Fileuploadguru" time="0.388" errors="0" timestamp="2023-05-03T13:29:16 IST" skipped="0">
  <testcase classname="TestNGpkg.Fileuploadguru" name="test1" time="0.388"/>
  <system-out/>
</testsuite> <!-- TestNGpkg.Fileuploadguru -->
