<?xml version="1.0" encoding="UTF-8"?>
<!-- Generated by org.testng.reporters.JUnitReportReporter -->
<testsuite hostname="DESKTOP-3IVBG4O" failures="0" tests="1" name="TestNGpkg.Expediapagetest" time="8.350" errors="0" timestamp="2023-05-20T17:16:09 IST" skipped="0">
  <testcase classname="TestNGpkg.Expediapagetest" name="test" time="8.350"/>
  <system-out/>
</testsuite> <!-- TestNGpkg.Expediapagetest -->
