<?xml version="1.0" encoding="UTF-8"?>
<!-- Generated by org.testng.reporters.JUnitReportReporter -->
<testsuite hostname="DESKTOP-3IVBG4O" failures="0" tests="1" name="Test.Fblogindatadriven1" time="26.757" errors="0" timestamp="2023-05-06T09:37:38 IST" skipped="0">
  <testcase classname="Test.Fblogindatadriven1" name="fblogintest1" time="26.757"/>
  <system-out/>
</testsuite> <!-- Test.Fblogindatadriven1 -->
