<?xml version="1.0" encoding="UTF-8"?>
<!-- Generated by org.testng.reporters.JUnitReportReporter -->
<testsuite hostname="DESKTOP-3IVBG4O" failures="0" tests="1" name="Test.Fbcreatepagetest" time="3.821" errors="0" timestamp="2023-05-04T10:35:08 IST" skipped="0">
  <testcase classname="Test.Fbcreatepagetest" name="click" time="3.821"/>
  <system-out/>
</testsuite> <!-- Test.Fbcreatepagetest -->
