<?xml version="1.0" encoding="UTF-8"?>
<!-- Generated by org.testng.reporters.JUnitReportReporter -->
<testsuite hostname="DESKTOP-3IVBG4O" failures="0" tests="2" name="TestNGpkg.Draganddrop" time="0.356" errors="0" timestamp="2023-05-11T16:17:26 IST" skipped="0">
  <testcase classname="TestNGpkg.Draganddrop" name="test2" time="0.054"/>
  <system-out/>
  <testcase classname="TestNGpkg.Draganddrop" name="test1" time="0.302"/>
  <system-out/>
</testsuite> <!-- TestNGpkg.Draganddrop -->
