<?xml version="1.0" encoding="UTF-8"?>
<!-- Generated by org.testng.reporters.JUnitReportReporter -->
<testsuite hostname="DESKTOP-3IVBG4O" failures="0" tests="1" name="TestNGpkg.Datepickerprgm" time="13.298" errors="0" timestamp="2023-05-15T16:39:11 IST" skipped="0">
  <testcase classname="TestNGpkg.Datepickerprgm" name="test1" time="13.298"/>
  <system-out/>
</testsuite> <!-- TestNGpkg.Datepickerprgm -->
