<?xml version="1.0" encoding="UTF-8"?>
<!-- Generated by org.testng.reporters.JUnitReportReporter -->
<testsuite hostname="DESKTOP-3IVBG4O" failures="0" tests="1" name="TestNGpkg.Datadriventest" time="38.997" errors="0" timestamp="2023-04-27T10:26:25 IST" skipped="0">
  <testcase classname="TestNGpkg.Datadriventest" name="test" time="38.997"/>
  <system-out/>
</testsuite> <!-- TestNGpkg.Datadriventest -->
