<?xml version="1.0" encoding="UTF-8"?>
<!-- Generated by org.testng.reporters.JUnitReportReporter -->
<testsuite hostname="DESKTOP-3IVBG4O" failures="0" tests="1" name="Test.Fblogintest" time="2.303" errors="0" timestamp="2023-05-08T16:06:44 IST" skipped="0">
  <testcase classname="Test.Fblogintest" name="fblogin" time="2.303"/>
  <system-out/>
</testsuite> <!-- Test.Fblogintest -->
