<?xml version="1.0" encoding="UTF-8"?>
<!-- Generated by org.testng.reporters.JUnitReportReporter -->
<testsuite hostname="DESKTOP-3IVBG4O" failures="0" tests="1" name="TestNGpkg.Testngparameter" time="0.013" errors="0" timestamp="2023-04-20T09:49:12 IST" skipped="0">
  <testcase classname="TestNGpkg.Testngparameter" name="main" time="0.013"/>
  <system-out/>
</testsuite> <!-- TestNGpkg.Testngparameter -->
