<?xml version="1.0" encoding="UTF-8"?>
<!-- Generated by org.testng.reporters.JUnitReportReporter -->
<testsuite hostname="DESKTOP-3IVBG4O" failures="0" tests="3" name="TestNGpkg.Crossbrowser" time="10.908" errors="0" timestamp="2023-04-20T10:54:37 IST" skipped="0">
  <testcase classname="TestNGpkg.Crossbrowser" name="test1" time="3.042"/>
  <system-out/>
  <testcase classname="TestNGpkg.Crossbrowser" name="test1" time="3.872"/>
  <system-out/>
  <testcase classname="TestNGpkg.Crossbrowser" name="test1" time="3.994"/>
  <system-out/>
</testsuite> <!-- TestNGpkg.Crossbrowser -->
