<?xml version="1.0" encoding="UTF-8"?>
<!-- Generated by org.testng.reporters.JUnitReportReporter -->
<testsuite hostname="DESKTOP-3IVBG4O" failures="0" tests="1" name="TestNGpkg.Copypaste" time="0.661" errors="0" timestamp="2023-04-25T22:11:44 IST" skipped="0">
  <testcase classname="TestNGpkg.Copypaste" name="Test" time="0.661"/>
  <system-out/>
</testsuite> <!-- TestNGpkg.Copypaste -->
