<?xml version="1.0" encoding="UTF-8"?>
<!-- Generated by org.testng.reporters.JUnitReportReporter -->
<testsuite hostname="DESKTOP-3IVBG4O" failures="0" tests="1" name="TestNGpkg.Parameterprgm" time="5.151" errors="0" timestamp="2023-04-20T10:57:38 IST" skipped="0">
  <testcase classname="TestNGpkg.Parameterprgm" name="Searchfield" time="5.151"/>
  <system-out/>
</testsuite> <!-- TestNGpkg.Parameterprgm -->
