<?xml version="1.0" encoding="UTF-8"?>
<!-- Generated by org.testng.reporters.JUnitReportReporter -->
<testsuite hostname="DESKTOP-3IVBG4O" failures="0" tests="1" name="TestNGpkg.Ebayprgm" time="3.420" errors="0" timestamp="2023-04-26T10:25:03 IST" skipped="0">
  <testcase classname="TestNGpkg.Ebayprgm" name="Test" time="3.420"/>
  <system-out/>
</testsuite> <!-- TestNGpkg.Ebayprgm -->
