<?xml version="1.0" encoding="UTF-8"?>
<!-- Generated by org.testng.reporters.JUnitReportReporter -->
<testsuite hostname="DESKTOP-3IVBG4O" failures="0" tests="1" name="TestNGpkg.Windowhandle" time="1.704" errors="0" timestamp="2023-05-20T21:33:36 IST" skipped="0">
  <testcase classname="TestNGpkg.Windowhandle" name="test" time="1.704"/>
  <system-out/>
</testsuite> <!-- TestNGpkg.Windowhandle -->
